{"name": "Login completo con selección de local, caja y turno", "status": "broken", "statusDetails": {"message": "selenium.common.exceptions.NoSuchElementException: Message: An element could not be located on the page using the given search parameters.\nStacktrace:\nNoSuchElementError: An element could not be located on the page using the given search parameters.\n    at AndroidUiautomator2Driver.findElOrEls (C:\\Users\\kaled\\.appium\\node_modules\\appium-uiautomator2-driver\\node_modules\\appium-android-driver\\lib\\commands\\find.ts:86:11)\n    at processTicksAndRejections (node:internal/process/task_queues:95:5)\n    at AndroidUiautomator2Driver.findElOrElsWithProcessing (C:\\Users\\kaled\\AppData\\Roaming\\npm\\node_modules\\appium\\node_modules\\@appium\\base-driver\\lib\\basedriver\\commands\\find.ts:60:12)\n    at AndroidUiautomator2Driver.findElement (C:\\Users\\kaled\\AppData\\Roaming\\npm\\node_modules\\appium\\node_modules\\@appium\\base-driver\\lib\\basedriver\\commands\\find.ts:75:12)", "trace": "self = <test_login_apertura.TestInicioSesion testMethod=test_login_completo_y_seleccion>\n\n    @allure.title(\"Login completo con selección de local, caja y turno\")\n    def test_login_completo_y_seleccion(self):\n        usuario = \"admin2@rest.pe\"\n        contrasena = \"123456\"\n    \n        with allure.step(\"Login\"):\n            login(self.driver, usuario, contrasena)\n    \n        with allure.step(\"Seleccionar local\"):\n            seleccionar_local(self.driver)\n    \n        with allure.step(\"Seleccionar Caja 03\"):\n            seleccionar_caja(self.driver)\n    \n        with allure.step(\"Seleccionar turno\"):\n            seleccionar_turno(self.driver)\n    \n        with allure.step(\"Presentar flujo de apertura de caja\"):\n            completar_flows(self.driver)\n    \n        # Esperar 5 segundos para asegurar que la animación se complete\n        time.sleep(2)  # Puedes cambiar esto por un WebDriverWait si prefieres más control\n    \n    \n          # venta  simple rápida:\n        #with allure.step(\"Ejecutar flujo de caja rápida\"):\n        #     flujo_caja_rapida(self.driver)\n    \n        #venta rápida con busqueda y modificadores\n     #   with allure.step(\"venta rápida con busqueda y modificadores\"):\n    #      venta_rapida_busqueda(self.driver)\n    \n           #venta  simple por  salón:\n       # with allure.step(\"Ejecutar flujo de venta por salon\"):\n       #      venta_por_salon(self.driver)\n    \n    \n    \n    \n    \n    \n    \n    \n       # with allure.step(\"Ejecutar flujo de caja rápida\"):\n       #     flujo_venta_rapida_con_modificadores(self.driver)\n    \n        #with allure.step(\"Ejecutar flujo de caja rápida con  cantidades\"):\n         #    flujo_venta_rapida_con_cantidades(self.driver)\n    \n       # with allure.step(\"Ejecutar flujo de caja rápida favoritos\"):\n        #     flujo_venta_rapida_desde_favoritos(self.driver)\n    \n      #  with allure.step(\"Ejecutar flujo de venta por salon\"):\n      #       venta_por_salon(self.driver)\n    \n       #  with allure.step(\"ejecutar  cliente en venta por salon\"):\n        #    venta_por_salon_con_cliente(self.driver)\n    \n        #with allure.step(\"venta por salón con  unión  de mesas\"):\n         #    venta_por_salon_union_mesas(self.driver)\n    \n        #with allure.step(\"venta por salón con  unión  de mesas\"):\n        #      venta_por_salon_mover_pedidos(self.driver)\n        with allure.step(\"ejecutar  cliente en venta por salon con\"):\n>            venta_por_salon_busqueda(self.driver)\n\npruebas\\test_login_apertura.py:95: \n_ _ _ _ _ _ _ _ _ _ _ _ _ _ _ _ _ _ _ _ _ _ _ _ _ _ _ _ _ _ _ _ _ _ _ _ _ _ _ _ _ _ _ _ _ _ _ _ _ _ _ _ _ _ _ _ _ _ _ _ _ _ _ _ _ _ _ _ _ _ _ _ _ _ _ _ _ _ _ _ _ _ _ \ntest\\flujo_venta_salon_busqueda.py:74: in venta_por_salon_busqueda\n    driver.find_element(AppiumBy.ID, \"pe.restaurant.apprestaurant:id/btn_continuar\").click()\n..\\..\\..\\..\\AppData\\Local\\Programs\\Python\\Python312\\Lib\\site-packages\\appium\\webdriver\\webdriver.py:390: in find_element\n    return self.execute(RemoteCommand.FIND_ELEMENT, {'using': by, 'value': value})['value']\n..\\..\\..\\..\\AppData\\Local\\Programs\\Python\\Python312\\Lib\\site-packages\\selenium\\webdriver\\remote\\webdriver.py:424: in execute\n    self.error_handler.check_response(response)\n..\\..\\..\\..\\AppData\\Local\\Programs\\Python\\Python312\\Lib\\site-packages\\appium\\webdriver\\errorhandler.py:30: in check_response\n    raise wde\n..\\..\\..\\..\\AppData\\Local\\Programs\\Python\\Python312\\Lib\\site-packages\\appium\\webdriver\\errorhandler.py:26: in check_response\n    super().check_response(response)\n_ _ _ _ _ _ _ _ _ _ _ _ _ _ _ _ _ _ _ _ _ _ _ _ _ _ _ _ _ _ _ _ _ _ _ _ _ _ _ _ _ _ _ _ _ _ _ _ _ _ _ _ _ _ _ _ _ _ _ _ _ _ _ _ _ _ _ _ _ _ _ _ _ _ _ _ _ _ _ _ _ _ _ \n\nself = <appium.webdriver.errorhandler.MobileErrorHandler object at 0x000001AE03BF5760>\nresponse = {'status': 404, 'value': '{\"value\":{\"error\":\"no such element\",\"message\":\"An element could not be located on the page u...ode_modules\\\\\\\\appium\\\\\\\\node_modules\\\\\\\\@appium\\\\\\\\base-driver\\\\\\\\lib\\\\\\\\basedriver\\\\\\\\commands\\\\\\\\find.ts:75:12)\"}}'}\n\n    def check_response(self, response: Dict[str, Any]) -> None:\n        \"\"\"\n        Checks that a JSON response from the WebDriver does not have an error.\n    \n        :Args:\n         - response - The JSON response from the WebDriver server as a dictionary\n           object.\n    \n        :Raises: If the response contains an error message.\n        \"\"\"\n        status = response.get('status', None)\n        if not status or status == ErrorCode.SUCCESS:\n            return\n        value = None\n        message = response.get(\"message\", \"\")\n        screen: str = response.get(\"screen\", \"\")\n        stacktrace = None\n        if isinstance(status, int):\n            value_json = response.get('value', None)\n            if value_json and isinstance(value_json, str):\n                import json\n                try:\n                    value = json.loads(value_json)\n                    if len(value.keys()) == 1:\n                        value = value['value']\n                    status = value.get('error', None)\n                    if not status:\n                        status = value.get(\"status\", ErrorCode.UNKNOWN_ERROR)\n                        message = value.get(\"value\") or value.get(\"message\")\n                        if not isinstance(message, str):\n                            value = message\n                            message = message.get('message')\n                    else:\n                        message = value.get('message', None)\n                except ValueError:\n                    pass\n    \n        exception_class: Type[WebDriverException]\n        if status in ErrorCode.NO_SUCH_ELEMENT:\n            exception_class = NoSuchElementException\n        elif status in ErrorCode.NO_SUCH_FRAME:\n            exception_class = NoSuchFrameException\n        elif status in ErrorCode.NO_SUCH_SHADOW_ROOT:\n            exception_class = NoSuchShadowRootException\n        elif status in ErrorCode.NO_SUCH_WINDOW:\n            exception_class = NoSuchWindowException\n        elif status in ErrorCode.STALE_ELEMENT_REFERENCE:\n            exception_class = StaleElementReferenceException\n        elif status in ErrorCode.ELEMENT_NOT_VISIBLE:\n            exception_class = ElementNotVisibleException\n        elif status in ErrorCode.INVALID_ELEMENT_STATE:\n            exception_class = InvalidElementStateException\n        elif status in ErrorCode.INVALID_SELECTOR \\\n                or status in ErrorCode.INVALID_XPATH_SELECTOR \\\n                or status in ErrorCode.INVALID_XPATH_SELECTOR_RETURN_TYPER:\n            exception_class = InvalidSelectorException\n        elif status in ErrorCode.ELEMENT_IS_NOT_SELECTABLE:\n            exception_class = ElementNotSelectableException\n        elif status in ErrorCode.ELEMENT_NOT_INTERACTABLE:\n            exception_class = ElementNotInteractableException\n        elif status in ErrorCode.INVALID_COOKIE_DOMAIN:\n            exception_class = InvalidCookieDomainException\n        elif status in ErrorCode.UNABLE_TO_SET_COOKIE:\n            exception_class = UnableToSetCookieException\n        elif status in ErrorCode.TIMEOUT:\n            exception_class = TimeoutException\n        elif status in ErrorCode.SCRIPT_TIMEOUT:\n            exception_class = TimeoutException\n        elif status in ErrorCode.UNKNOWN_ERROR:\n            exception_class = WebDriverException\n        elif status in ErrorCode.UNEXPECTED_ALERT_OPEN:\n            exception_class = UnexpectedAlertPresentException\n        elif status in ErrorCode.NO_ALERT_OPEN:\n            exception_class = NoAlertPresentException\n        elif status in ErrorCode.IME_NOT_AVAILABLE:\n            exception_class = ImeNotAvailableException\n        elif status in ErrorCode.IME_ENGINE_ACTIVATION_FAILED:\n            exception_class = ImeActivationFailedException\n        elif status in ErrorCode.MOVE_TARGET_OUT_OF_BOUNDS:\n            exception_class = MoveTargetOutOfBoundsException\n        elif status in ErrorCode.JAVASCRIPT_ERROR:\n            exception_class = JavascriptException\n        elif status in ErrorCode.SESSION_NOT_CREATED:\n            exception_class = SessionNotCreatedException\n        elif status in ErrorCode.INVALID_ARGUMENT:\n            exception_class = InvalidArgumentException\n        elif status in ErrorCode.NO_SUCH_COOKIE:\n            exception_class = NoSuchCookieException\n        elif status in ErrorCode.UNABLE_TO_CAPTURE_SCREEN:\n            exception_class = ScreenshotException\n        elif status in ErrorCode.ELEMENT_CLICK_INTERCEPTED:\n            exception_class = ElementClickInterceptedException\n        elif status in ErrorCode.INSECURE_CERTIFICATE:\n            exception_class = InsecureCertificateException\n        elif status in ErrorCode.INVALID_COORDINATES:\n            exception_class = InvalidCoordinatesException\n        elif status in ErrorCode.INVALID_SESSION_ID:\n            exception_class = InvalidSessionIdException\n        elif status in ErrorCode.UNKNOWN_METHOD:\n            exception_class = UnknownMethodException\n        else:\n            exception_class = WebDriverException\n        if not value:\n            value = response['value']\n        if isinstance(value, str):\n            raise exception_class(value)\n        if message == \"\" and 'message' in value:\n            message = value['message']\n    \n        screen = None  # type: ignore[assignment]\n        if 'screen' in value:\n            screen = value['screen']\n    \n        stacktrace = None\n        st_value = value.get('stackTrace') or value.get('stacktrace')\n        if st_value:\n            if isinstance(st_value, str):\n                stacktrace = st_value.split('\\n')\n            else:\n                stacktrace = []\n                try:\n                    for frame in st_value:\n                        line = self._value_or_default(frame, 'lineNumber', '')\n                        file = self._value_or_default(frame, 'fileName', '<anonymous>')\n                        if line:\n                            file = \"%s:%s\" % (file, line)\n                        meth = self._value_or_default(frame, 'methodName', '<anonymous>')\n                        if 'className' in frame:\n                            meth = \"%s.%s\" % (frame['className'], meth)\n                        msg = \"    at %s (%s)\"\n                        msg = msg % (meth, file)\n                        stacktrace.append(msg)\n                except TypeError:\n                    pass\n        if exception_class == UnexpectedAlertPresentException:\n            alert_text = None\n            if 'data' in value:\n                alert_text = value['data'].get('text')\n            elif 'alert' in value:\n                alert_text = value['alert'].get('text')\n            raise exception_class(message, screen, stacktrace, alert_text)  # type: ignore[call-arg]  # mypy is not smart enough here\n>       raise exception_class(message, screen, stacktrace)\nE       selenium.common.exceptions.NoSuchElementException: Message: An element could not be located on the page using the given search parameters.\nE       Stacktrace:\nE       NoSuchElementError: An element could not be located on the page using the given search parameters.\nE           at AndroidUiautomator2Driver.findElOrEls (C:\\Users\\kaled\\.appium\\node_modules\\appium-uiautomator2-driver\\node_modules\\appium-android-driver\\lib\\commands\\find.ts:86:11)\nE           at processTicksAndRejections (node:internal/process/task_queues:95:5)\nE           at AndroidUiautomator2Driver.findElOrElsWithProcessing (C:\\Users\\kaled\\AppData\\Roaming\\npm\\node_modules\\appium\\node_modules\\@appium\\base-driver\\lib\\basedriver\\commands\\find.ts:60:12)\nE           at AndroidUiautomator2Driver.findElement (C:\\Users\\kaled\\AppData\\Roaming\\npm\\node_modules\\appium\\node_modules\\@appium\\base-driver\\lib\\basedriver\\commands\\find.ts:75:12)\n\n..\\..\\..\\..\\AppData\\Local\\Programs\\Python\\Python312\\Lib\\site-packages\\selenium\\webdriver\\remote\\errorhandler.py:247: NoSuchElementException"}, "steps": [{"name": "Login", "status": "passed", "start": 1747065715784, "stop": 1747065721554}, {"name": "Seleccionar local", "status": "passed", "start": 1747065721554, "stop": 1747065723627}, {"name": "Seleccionar Caja 03", "status": "passed", "attachments": [{"name": "Caja 03 Seleccionada", "source": "89b95e4c-c56c-4172-a73e-b3e152eda3ec-attachment.png", "type": "image/png"}], "start": 1747065723627, "stop": 1747065725934}, {"name": "Seleccionar turno", "status": "passed", "start": 1747065725934, "stop": 1747065726944}, {"name": "Presentar flujo de apertura de caja", "status": "passed", "steps": [{"name": "Esperar la pantalla de carga hasta 100%", "status": "passed", "attachments": [{"name": "Pantalla de Carga", "source": "7d350096-cbe5-42a7-b59e-6deded3113b7-attachment.txt", "type": "text/plain"}], "start": 1747065726944, "stop": 1747065737508}, {"name": "Aperturar caja en cero si está disponible", "status": "passed", "attachments": [{"name": "Ingreso PIN", "source": "991638e4-145b-4802-ae07-b14596be8697-attachment.txt", "type": "text/plain"}, {"name": "Confirmación final", "source": "64339ab4-d4b1-4d2a-a80a-a0c2c32be625-attachment.txt", "type": "text/plain"}], "start": 1747065737508, "stop": 1747065753684}], "attachments": [{"name": "Caja Aperturada", "source": "b4b6f861-cdc2-404d-9630-b7b82e9688dc-attachment.png", "type": "image/png"}], "start": 1747065726944, "stop": 1747065754224}, {"name": "ejecutar  cliente en venta por salon con", "status": "broken", "statusDetails": {"message": "selenium.common.exceptions.NoSuchElementException: Message: An element could not be located on the page using the given search parameters.\nStacktrace:\nNoSuchElementError: An element could not be located on the page using the given search parameters.\n    at AndroidUiautomator2Driver.findElOrEls (C:\\Users\\kaled\\.appium\\node_modules\\appium-uiautomator2-driver\\node_modules\\appium-android-driver\\lib\\commands\\find.ts:86:11)\n    at processTicksAndRejections (node:internal/process/task_queues:95:5)\n    at AndroidUiautomator2Driver.findElOrElsWithProcessing (C:\\Users\\kaled\\AppData\\Roaming\\npm\\node_modules\\appium\\node_modules\\@appium\\base-driver\\lib\\basedriver\\commands\\find.ts:60:12)\n    at AndroidUiautomator2Driver.findElement (C:\\Users\\kaled\\AppData\\Roaming\\npm\\node_modules\\appium\\node_modules\\@appium\\base-driver\\lib\\basedriver\\commands\\find.ts:75:12)\n", "trace": "  File \"C:\\Users\\kaled\\OneDrive\\Escritorio\\documentos  ppp\\appium_proyect\\pruebas\\test_login_apertura.py\", line 95, in test_login_completo_y_seleccion\n    venta_por_salon_busqueda(self.driver)\n  File \"C:\\Users\\kaled\\OneDrive\\Escritorio\\documentos  ppp\\appium_proyect\\test\\flujo_venta_salon_busqueda.py\", line 74, in venta_por_salon_busqueda\n    driver.find_element(AppiumBy.ID, \"pe.restaurant.apprestaurant:id/btn_continuar\").click()\n    ^^^^^^^^^^^^^^^^^^^^^^^^^^^^^^^^^^^^^^^^^^^^^^^^^^^^^^^^^^^^^^^^^^^^^^^^^^^^^^^^\n  File \"C:\\Users\\kaled\\AppData\\Local\\Programs\\Python\\Python312\\Lib\\site-packages\\appium\\webdriver\\webdriver.py\", line 390, in find_element\n    return self.execute(RemoteCommand.FIND_ELEMENT, {'using': by, 'value': value})['value']\n           ^^^^^^^^^^^^^^^^^^^^^^^^^^^^^^^^^^^^^^^^^^^^^^^^^^^^^^^^^^^^^^^^^^^^^^^\n  File \"C:\\Users\\kaled\\AppData\\Local\\Programs\\Python\\Python312\\Lib\\site-packages\\selenium\\webdriver\\remote\\webdriver.py\", line 424, in execute\n    self.error_handler.check_response(response)\n  File \"C:\\Users\\kaled\\AppData\\Local\\Programs\\Python\\Python312\\Lib\\site-packages\\appium\\webdriver\\errorhandler.py\", line 30, in check_response\n    raise wde\n  File \"C:\\Users\\kaled\\AppData\\Local\\Programs\\Python\\Python312\\Lib\\site-packages\\appium\\webdriver\\errorhandler.py\", line 26, in check_response\n    super().check_response(response)\n  File \"C:\\Users\\kaled\\AppData\\Local\\Programs\\Python\\Python312\\Lib\\site-packages\\selenium\\webdriver\\remote\\errorhandler.py\", line 247, in check_response\n    raise exception_class(message, screen, stacktrace)\n"}, "steps": [{"name": "Clic en 'Vender'", "status": "passed", "start": 1747065756229, "stop": 1747065756741}, {"name": "Clic en 'Ver salones'", "status": "passed", "start": 1747065756741, "stop": 1747065757604}, {"name": "Seleccionar salón 'Diego'", "status": "passed", "start": 1747065757604, "stop": 1747065758504}, {"name": "Seleccionar la primera mesa disponible", "status": "passed", "start": 1747065758504, "stop": 1747065759264}, {"name": "Ingresar PIN 4321", "status": "passed", "attachments": [{"name": "Ingreso PIN", "source": "fe065065-9a48-4eea-a24c-f1b9090631ad-attachment.txt", "type": "text/plain"}], "start": 1747065759264, "stop": 1747065765933}, {"name": "Seleccionar 3 personas", "status": "passed", "start": 1747065765933, "stop": 1747065766084}, {"name": "click en  busqueda", "status": "passed", "start": 1747065766084, "stop": 1747065767114}, {"name": "busqueda de productos", "status": "broken", "statusDetails": {"message": "selenium.common.exceptions.NoSuchElementException: Message: An element could not be located on the page using the given search parameters.\nStacktrace:\nNoSuchElementError: An element could not be located on the page using the given search parameters.\n    at AndroidUiautomator2Driver.findElOrEls (C:\\Users\\kaled\\.appium\\node_modules\\appium-uiautomator2-driver\\node_modules\\appium-android-driver\\lib\\commands\\find.ts:86:11)\n    at processTicksAndRejections (node:internal/process/task_queues:95:5)\n    at AndroidUiautomator2Driver.findElOrElsWithProcessing (C:\\Users\\kaled\\AppData\\Roaming\\npm\\node_modules\\appium\\node_modules\\@appium\\base-driver\\lib\\basedriver\\commands\\find.ts:60:12)\n    at AndroidUiautomator2Driver.findElement (C:\\Users\\kaled\\AppData\\Roaming\\npm\\node_modules\\appium\\node_modules\\@appium\\base-driver\\lib\\basedriver\\commands\\find.ts:75:12)\n", "trace": "  File \"C:\\Users\\kaled\\OneDrive\\Escritorio\\documentos  ppp\\appium_proyect\\test\\flujo_venta_salon_busqueda.py\", line 74, in venta_por_salon_busqueda\n    driver.find_element(AppiumBy.ID, \"pe.restaurant.apprestaurant:id/btn_continuar\").click()\n    ^^^^^^^^^^^^^^^^^^^^^^^^^^^^^^^^^^^^^^^^^^^^^^^^^^^^^^^^^^^^^^^^^^^^^^^^^^^^^^^^\n  File \"C:\\Users\\kaled\\AppData\\Local\\Programs\\Python\\Python312\\Lib\\site-packages\\appium\\webdriver\\webdriver.py\", line 390, in find_element\n    return self.execute(RemoteCommand.FIND_ELEMENT, {'using': by, 'value': value})['value']\n           ^^^^^^^^^^^^^^^^^^^^^^^^^^^^^^^^^^^^^^^^^^^^^^^^^^^^^^^^^^^^^^^^^^^^^^^\n  File \"C:\\Users\\kaled\\AppData\\Local\\Programs\\Python\\Python312\\Lib\\site-packages\\selenium\\webdriver\\remote\\webdriver.py\", line 424, in execute\n    self.error_handler.check_response(response)\n  File \"C:\\Users\\kaled\\AppData\\Local\\Programs\\Python\\Python312\\Lib\\site-packages\\appium\\webdriver\\errorhandler.py\", line 30, in check_response\n    raise wde\n  File \"C:\\Users\\kaled\\AppData\\Local\\Programs\\Python\\Python312\\Lib\\site-packages\\appium\\webdriver\\errorhandler.py\", line 26, in check_response\n    super().check_response(response)\n  File \"C:\\Users\\kaled\\AppData\\Local\\Programs\\Python\\Python312\\Lib\\site-packages\\selenium\\webdriver\\remote\\errorhandler.py\", line 247, in check_response\n    raise exception_class(message, screen, stacktrace)\n"}, "start": 1747065767114, "stop": 1747065808994}], "start": 1747065756229, "stop": 1747065808994}], "start": 1747065709724, "stop": 1747065809604, "uuid": "e48ad3a6-8d83-48eb-bdb8-0cf4ee0271b0", "historyId": "59e2206ccf7889959f9c5dd12b04c9c2", "testCaseId": "59e2206ccf7889959f9c5dd12b04c9c2", "fullName": "pruebas.test_login_apertura.TestInicioSesion#test_login_completo_y_seleccion", "labels": [{"name": "epic", "value": "Inicio de app y navegación"}, {"name": "parentSuite", "value": "pruebas"}, {"name": "suite", "value": "test_login_apertura"}, {"name": "subSuite", "value": "TestInicioSesion"}, {"name": "host", "value": "Piero"}, {"name": "thread", "value": "10272-MainThread"}, {"name": "framework", "value": "pytest"}, {"name": "language", "value": "cpython3"}, {"name": "package", "value": "pruebas.test_login_apertura"}]}