{"name": "Login completo con selección de local, caja y turno", "status": "broken", "statusDetails": {"message": "selenium.common.exceptions.TimeoutException: Message: \nStacktrace:\nNoSuchElementError: An element could not be located on the page using the given search parameters.\n    at AndroidUiautomator2Driver.findElOrEls (C:\\Users\\kaled\\.appium\\node_modules\\appium-uiautomator2-driver\\node_modules\\appium-android-driver\\lib\\commands\\find.ts:86:11)\n    at processTicksAndRejections (node:internal/process/task_queues:95:5)\n    at AndroidUiautomator2Driver.findElOrElsWithProcessing (C:\\Users\\kaled\\AppData\\Roaming\\npm\\node_modules\\appium\\node_modules\\@appium\\base-driver\\lib\\basedriver\\commands\\find.ts:60:12)\n    at AndroidUiautomator2Driver.findElement (C:\\Users\\kaled\\AppData\\Roaming\\npm\\node_modules\\appium\\node_modules\\@appium\\base-driver\\lib\\basedriver\\commands\\find.ts:75:12)", "trace": "self = <test_login_apertura.TestInicioSesion testMethod=test_login_completo_y_seleccion>\n\n    @allure.title(\"Login completo con selección de local, caja y turno\")\n    def test_login_completo_y_seleccion(self):\n        usuario = \"admin2@rest.pe\"\n        contrasena = \"123456\"\n    \n        with allure.step(\"Login\"):\n            login(self.driver, usuario, contrasena)\n    \n        with allure.step(\"Seleccionar local\"):\n            seleccionar_local(self.driver)\n    \n        with allure.step(\"Seleccionar Caja 03\"):\n            seleccionar_caja(self.driver)\n    \n        with allure.step(\"Seleccionar turno\"):\n            seleccionar_turno(self.driver)\n    \n        with allure.step(\"Presentar flujo de apertura de caja\"):\n            completar_flows(self.driver)\n    \n        # Esperar 5 segundos para asegurar que la animación se complete\n        time.sleep(2)  # Puedes cambiar esto por un WebDriverWait si prefieres más control\n    \n    \n          # venta  simple rápida:\n        #with allure.step(\"Ejecutar flujo de caja rápida\"):\n        #     flujo_caja_rapida(self.driver)\n    \n        #venta rápida con busqueda y modificadores\n     #   with allure.step(\"venta rápida con busqueda y modificadores\"):\n    #      venta_rapida_busqueda(self.driver)\n    \n           #venta  simple por  salón:\n       # with allure.step(\"Ejecutar flujo de venta por salon\"):\n       #      venta_por_salon(self.driver)\n    \n    \n    \n    \n    \n    \n    \n    \n       # with allure.step(\"Ejecutar flujo de caja rápida\"):\n       #     flujo_venta_rapida_con_modificadores(self.driver)\n    \n        #with allure.step(\"Ejecutar flujo de caja rápida con  cantidades\"):\n         #    flujo_venta_rapida_con_cantidades(self.driver)\n    \n       # with allure.step(\"Ejecutar flujo de caja rápida favoritos\"):\n        #     flujo_venta_rapida_desde_favoritos(self.driver)\n    \n      #  with allure.step(\"Ejecutar flujo de venta por salon\"):\n      #       venta_por_salon(self.driver)\n    \n        with allure.step(\"ejecutar  cliente en venta por salon\"):\n>           venta_por_salon_con_cliente(self.driver)\n\npruebas\\test_login_apertura.py:86: \n_ _ _ _ _ _ _ _ _ _ _ _ _ _ _ _ _ _ _ _ _ _ _ _ _ _ _ _ _ _ _ _ _ _ _ _ _ _ _ _ _ _ _ _ _ _ _ _ _ _ _ _ _ _ _ _ _ _ _ _ _ _ _ _ _ _ _ _ _ _ _ _ _ _ _ _ _ _ _ _ _ _ _ \ntest\\flujo_venta_salon_con_cliente.py:65: in venta_por_salon_con_cliente\n    campo_busqueda = WebDriverWait(driver, 10).until(\n_ _ _ _ _ _ _ _ _ _ _ _ _ _ _ _ _ _ _ _ _ _ _ _ _ _ _ _ _ _ _ _ _ _ _ _ _ _ _ _ _ _ _ _ _ _ _ _ _ _ _ _ _ _ _ _ _ _ _ _ _ _ _ _ _ _ _ _ _ _ _ _ _ _ _ _ _ _ _ _ _ _ _ \n\nself = <selenium.webdriver.support.wait.WebDriverWait (session=\"f22d7954-7ee6-4d18-ba56-d53c0a21cf13\")>\nmethod = <function presence_of_element_located.<locals>._predicate at 0x0000012B6CF84040>, message = ''\n\n    def until(self, method, message=''):\n        \"\"\"Calls the method provided with the driver as an argument until the \\\n        return value does not evaluate to ``False``.\n    \n        :param method: callable(WebDriver)\n        :param message: optional message for :exc:`TimeoutException`\n        :returns: the result of the last call to `method`\n        :raises: :exc:`selenium.common.exceptions.TimeoutException` if timeout occurs\n        \"\"\"\n        screen = None\n        stacktrace = None\n    \n        end_time = time.time() + self._timeout\n        while True:\n            try:\n                value = method(self._driver)\n                if value:\n                    return value\n            except InvalidSelectorException as e:\n                raise e\n            except self._ignored_exceptions as exc:\n                screen = getattr(exc, 'screen', None)\n                stacktrace = getattr(exc, 'stacktrace', None)\n            time.sleep(self._poll)\n            if time.time() > end_time:\n                break\n>       raise TimeoutException(message, screen, stacktrace)\nE       selenium.common.exceptions.TimeoutException: Message: \nE       Stacktrace:\nE       NoSuchElementError: An element could not be located on the page using the given search parameters.\nE           at AndroidUiautomator2Driver.findElOrEls (C:\\Users\\kaled\\.appium\\node_modules\\appium-uiautomator2-driver\\node_modules\\appium-android-driver\\lib\\commands\\find.ts:86:11)\nE           at processTicksAndRejections (node:internal/process/task_queues:95:5)\nE           at AndroidUiautomator2Driver.findElOrElsWithProcessing (C:\\Users\\kaled\\AppData\\Roaming\\npm\\node_modules\\appium\\node_modules\\@appium\\base-driver\\lib\\basedriver\\commands\\find.ts:60:12)\nE           at AndroidUiautomator2Driver.findElement (C:\\Users\\kaled\\AppData\\Roaming\\npm\\node_modules\\appium\\node_modules\\@appium\\base-driver\\lib\\basedriver\\commands\\find.ts:75:12)\n\n..\\..\\..\\..\\AppData\\Local\\Programs\\Python\\Python312\\Lib\\site-packages\\selenium\\webdriver\\support\\wait.py:89: TimeoutException"}, "steps": [{"name": "Login", "status": "passed", "start": 1747063291061, "stop": 1747063295955}, {"name": "Seleccionar local", "status": "passed", "start": 1747063295955, "stop": 1747063298565}, {"name": "Seleccionar Caja 03", "status": "passed", "attachments": [{"name": "Caja 03 Seleccionada", "source": "27ce152a-81b8-4f5b-9f5c-14c53e83ed36-attachment.png", "type": "image/png"}], "start": 1747063298565, "stop": 1747063300850}, {"name": "Seleccionar turno", "status": "passed", "start": 1747063300850, "stop": 1747063302425}, {"name": "Presentar flujo de apertura de caja", "status": "passed", "steps": [{"name": "Esperar la pantalla de carga hasta 100%", "status": "passed", "attachments": [{"name": "Pantalla de Carga", "source": "99cb20dd-3793-4b18-955e-08a52a617c56-attachment.txt", "type": "text/plain"}], "start": 1747063302425, "stop": 1747063314379}, {"name": "Aperturar caja en cero si está disponible", "status": "passed", "attachments": [{"name": "Ingreso PIN", "source": "a3f0b768-4b75-45b8-9f1a-cf5f05afeea3-attachment.txt", "type": "text/plain"}, {"name": "Confirmación final", "source": "70d69cf7-e987-4531-92d9-ecd3d5f32d28-attachment.txt", "type": "text/plain"}], "start": 1747063314379, "stop": 1747063334988}], "attachments": [{"name": "Caja Aperturada", "source": "623b8333-6c56-48ff-8e08-a9ed31272dd5-attachment.png", "type": "image/png"}], "start": 1747063302425, "stop": 1747063335537}, {"name": "ejecutar  cliente en venta por salon", "status": "broken", "statusDetails": {"message": "selenium.common.exceptions.TimeoutException: Message: \nStacktrace:\nNoSuchElementError: An element could not be located on the page using the given search parameters.\n    at AndroidUiautomator2Driver.findElOrEls (C:\\Users\\kaled\\.appium\\node_modules\\appium-uiautomator2-driver\\node_modules\\appium-android-driver\\lib\\commands\\find.ts:86:11)\n    at processTicksAndRejections (node:internal/process/task_queues:95:5)\n    at AndroidUiautomator2Driver.findElOrElsWithProcessing (C:\\Users\\kaled\\AppData\\Roaming\\npm\\node_modules\\appium\\node_modules\\@appium\\base-driver\\lib\\basedriver\\commands\\find.ts:60:12)\n    at AndroidUiautomator2Driver.findElement (C:\\Users\\kaled\\AppData\\Roaming\\npm\\node_modules\\appium\\node_modules\\@appium\\base-driver\\lib\\basedriver\\commands\\find.ts:75:12)\n", "trace": "  File \"C:\\Users\\kaled\\OneDrive\\Escritorio\\documentos  ppp\\appium_proyect\\pruebas\\test_login_apertura.py\", line 86, in test_login_completo_y_seleccion\n    venta_por_salon_con_cliente(self.driver)\n  File \"C:\\Users\\kaled\\OneDrive\\Escritorio\\documentos  ppp\\appium_proyect\\test\\flujo_venta_salon_con_cliente.py\", line 65, in venta_por_salon_con_cliente\n    campo_busqueda = WebDriverWait(driver, 10).until(\n                     ^^^^^^^^^^^^^^^^^^^^^^^^^^^^^^^^\n  File \"C:\\Users\\kaled\\AppData\\Local\\Programs\\Python\\Python312\\Lib\\site-packages\\selenium\\webdriver\\support\\wait.py\", line 89, in until\n    raise TimeoutException(message, screen, stacktrace)\n"}, "steps": [{"name": "Clic en 'Vender'", "status": "passed", "start": 1747063337540, "stop": 1747063337988}, {"name": "Clic en 'Ver salones'", "status": "passed", "start": 1747063337988, "stop": 1747063339709}, {"name": "Seleccionar salón 'Diego'", "status": "passed", "start": 1747063339709, "stop": 1747063339899}, {"name": "Seleccionar la primera mesa disponible", "status": "passed", "start": 1747063339899, "stop": 1747063340788}, {"name": "Ingresar PIN 4321", "status": "passed", "attachments": [{"name": "Ingreso PIN", "source": "4aeff209-f2bf-40b4-9cbe-74a6dbb7bcd4-attachment.txt", "type": "text/plain"}], "start": 1747063340788, "stop": 1747063347701}, {"name": "Seleccionar 3 personas", "status": "broken", "statusDetails": {"message": "selenium.common.exceptions.TimeoutException: Message: \nStacktrace:\nNoSuchElementError: An element could not be located on the page using the given search parameters.\n    at AndroidUiautomator2Driver.findElOrEls (C:\\Users\\kaled\\.appium\\node_modules\\appium-uiautomator2-driver\\node_modules\\appium-android-driver\\lib\\commands\\find.ts:86:11)\n    at processTicksAndRejections (node:internal/process/task_queues:95:5)\n    at AndroidUiautomator2Driver.findElOrElsWithProcessing (C:\\Users\\kaled\\AppData\\Roaming\\npm\\node_modules\\appium\\node_modules\\@appium\\base-driver\\lib\\basedriver\\commands\\find.ts:60:12)\n    at AndroidUiautomator2Driver.findElement (C:\\Users\\kaled\\AppData\\Roaming\\npm\\node_modules\\appium\\node_modules\\@appium\\base-driver\\lib\\basedriver\\commands\\find.ts:75:12)\n", "trace": "  File \"C:\\Users\\kaled\\OneDrive\\Escritorio\\documentos  ppp\\appium_proyect\\test\\flujo_venta_salon_con_cliente.py\", line 65, in venta_por_salon_con_cliente\n    campo_busqueda = WebDriverWait(driver, 10).until(\n                     ^^^^^^^^^^^^^^^^^^^^^^^^^^^^^^^^\n  File \"C:\\Users\\kaled\\AppData\\Local\\Programs\\Python\\Python312\\Lib\\site-packages\\selenium\\webdriver\\support\\wait.py\", line 89, in until\n    raise TimeoutException(message, screen, stacktrace)\n"}, "start": 1747063347701, "stop": 1747063399684}], "start": 1747063337540, "stop": 1747063399685}], "start": 1747063284526, "stop": 1747063400282, "uuid": "f69108a7-bdaf-4d4b-8021-675a9271835e", "historyId": "59e2206ccf7889959f9c5dd12b04c9c2", "testCaseId": "59e2206ccf7889959f9c5dd12b04c9c2", "fullName": "pruebas.test_login_apertura.TestInicioSesion#test_login_completo_y_seleccion", "labels": [{"name": "epic", "value": "Inicio de app y navegación"}, {"name": "parentSuite", "value": "pruebas"}, {"name": "suite", "value": "test_login_apertura"}, {"name": "subSuite", "value": "TestInicioSesion"}, {"name": "host", "value": "Piero"}, {"name": "thread", "value": "18356-MainThread"}, {"name": "framework", "value": "pytest"}, {"name": "language", "value": "cpython3"}, {"name": "package", "value": "pruebas.test_login_apertura"}]}