{"name": "Login completo con selección de local, caja y turno", "status": "broken", "statusDetails": {"message": "selenium.common.exceptions.TimeoutException: Message: \nStacktrace:\nNoSuchElementError: An element could not be located on the page using the given search parameters.\n    at AndroidUiautomator2Driver.findElOrEls (C:\\Users\\kaled\\.appium\\node_modules\\appium-uiautomator2-driver\\node_modules\\appium-android-driver\\lib\\commands\\find.ts:86:11)\n    at processTicksAndRejections (node:internal/process/task_queues:95:5)\n    at AndroidUiautomator2Driver.findElOrElsWithProcessing (C:\\Users\\kaled\\AppData\\Roaming\\npm\\node_modules\\appium\\node_modules\\@appium\\base-driver\\lib\\basedriver\\commands\\find.ts:60:12)\n    at AndroidUiautomator2Driver.findElement (C:\\Users\\kaled\\AppData\\Roaming\\npm\\node_modules\\appium\\node_modules\\@appium\\base-driver\\lib\\basedriver\\commands\\find.ts:75:12)", "trace": "self = <test_login_apertura.TestInicioSesion testMethod=test_login_completo_y_seleccion>\n\n    @allure.title(\"Login completo con selección de local, caja y turno\")\n    def test_login_completo_y_seleccion(self):\n        usuario = \"admin2@rest.pe\"\n        contrasena = \"123456\"\n    \n        with allure.step(\"Login\"):\n            login(self.driver, usuario, contrasena)\n    \n        with allure.step(\"Seleccionar local\"):\n            seleccionar_local(self.driver)\n    \n        with allure.step(\"Seleccionar Caja 03\"):\n            seleccionar_caja(self.driver)\n    \n        with allure.step(\"Seleccionar turno\"):\n            seleccionar_turno(self.driver)\n    \n        with allure.step(\"Presentar flujo de apertura de caja\"):\n>           completar_flows(self.driver)\n\npruebas\\test_login_apertura.py:49: \n_ _ _ _ _ _ _ _ _ _ _ _ _ _ _ _ _ _ _ _ _ _ _ _ _ _ _ _ _ _ _ _ _ _ _ _ _ _ _ _ _ _ _ _ _ _ _ _ _ _ _ _ _ _ _ _ _ _ _ _ _ _ _ _ _ _ _ _ _ _ _ _ _ _ _ _ _ _ _ _ _ _ _ \ntest\\test_flows.py:10: in completar_flows\n    WebDriverWait(driver, 30).until(\n_ _ _ _ _ _ _ _ _ _ _ _ _ _ _ _ _ _ _ _ _ _ _ _ _ _ _ _ _ _ _ _ _ _ _ _ _ _ _ _ _ _ _ _ _ _ _ _ _ _ _ _ _ _ _ _ _ _ _ _ _ _ _ _ _ _ _ _ _ _ _ _ _ _ _ _ _ _ _ _ _ _ _ \n\nself = <selenium.webdriver.support.wait.WebDriverWait (session=\"dcc61f9f-96e4-4d49-915e-87ecb64f9596\")>\nmethod = <function visibility_of_element_located.<locals>._predicate at 0x000001D9B1791580>, message = ''\n\n    def until(self, method, message=''):\n        \"\"\"Calls the method provided with the driver as an argument until the \\\n        return value does not evaluate to ``False``.\n    \n        :param method: callable(WebDriver)\n        :param message: optional message for :exc:`TimeoutException`\n        :returns: the result of the last call to `method`\n        :raises: :exc:`selenium.common.exceptions.TimeoutException` if timeout occurs\n        \"\"\"\n        screen = None\n        stacktrace = None\n    \n        end_time = time.time() + self._timeout\n        while True:\n            try:\n                value = method(self._driver)\n                if value:\n                    return value\n            except InvalidSelectorException as e:\n                raise e\n            except self._ignored_exceptions as exc:\n                screen = getattr(exc, 'screen', None)\n                stacktrace = getattr(exc, 'stacktrace', None)\n            time.sleep(self._poll)\n            if time.time() > end_time:\n                break\n>       raise TimeoutException(message, screen, stacktrace)\nE       selenium.common.exceptions.TimeoutException: Message: \nE       Stacktrace:\nE       NoSuchElementError: An element could not be located on the page using the given search parameters.\nE           at AndroidUiautomator2Driver.findElOrEls (C:\\Users\\kaled\\.appium\\node_modules\\appium-uiautomator2-driver\\node_modules\\appium-android-driver\\lib\\commands\\find.ts:86:11)\nE           at processTicksAndRejections (node:internal/process/task_queues:95:5)\nE           at AndroidUiautomator2Driver.findElOrElsWithProcessing (C:\\Users\\kaled\\AppData\\Roaming\\npm\\node_modules\\appium\\node_modules\\@appium\\base-driver\\lib\\basedriver\\commands\\find.ts:60:12)\nE           at AndroidUiautomator2Driver.findElement (C:\\Users\\kaled\\AppData\\Roaming\\npm\\node_modules\\appium\\node_modules\\@appium\\base-driver\\lib\\basedriver\\commands\\find.ts:75:12)\n\n..\\..\\..\\..\\AppData\\Local\\Programs\\Python\\Python312\\Lib\\site-packages\\selenium\\webdriver\\support\\wait.py:89: TimeoutException"}, "steps": [{"name": "Login", "status": "passed", "start": 1747067571255, "stop": 1747067578800}, {"name": "Seleccionar local", "status": "passed", "start": 1747067578800, "stop": 1747067582504}, {"name": "Seleccionar Caja 03", "status": "passed", "attachments": [{"name": "Caja 03 Seleccionada", "source": "cccecb02-97f0-41ce-9d65-985a082afd6e-attachment.png", "type": "image/png"}], "start": 1747067582504, "stop": 1747067584820}, {"name": "Seleccionar turno", "status": "passed", "start": 1747067584820, "stop": 1747067585880}, {"name": "Presentar flujo de apertura de caja", "status": "broken", "statusDetails": {"message": "selenium.common.exceptions.TimeoutException: Message: \nStacktrace:\nNoSuchElementError: An element could not be located on the page using the given search parameters.\n    at AndroidUiautomator2Driver.findElOrEls (C:\\Users\\kaled\\.appium\\node_modules\\appium-uiautomator2-driver\\node_modules\\appium-android-driver\\lib\\commands\\find.ts:86:11)\n    at processTicksAndRejections (node:internal/process/task_queues:95:5)\n    at AndroidUiautomator2Driver.findElOrElsWithProcessing (C:\\Users\\kaled\\AppData\\Roaming\\npm\\node_modules\\appium\\node_modules\\@appium\\base-driver\\lib\\basedriver\\commands\\find.ts:60:12)\n    at AndroidUiautomator2Driver.findElement (C:\\Users\\kaled\\AppData\\Roaming\\npm\\node_modules\\appium\\node_modules\\@appium\\base-driver\\lib\\basedriver\\commands\\find.ts:75:12)\n", "trace": "  File \"C:\\Users\\kaled\\OneDrive\\Escritorio\\documentos  ppp\\appium_proyect\\pruebas\\test_login_apertura.py\", line 49, in test_login_completo_y_seleccion\n    completar_flows(self.driver)\n  File \"C:\\Users\\kaled\\OneDrive\\Escritorio\\documentos  ppp\\appium_proyect\\test\\test_flows.py\", line 10, in completar_flows\n    WebDriverWait(driver, 30).until(\n  File \"C:\\Users\\kaled\\AppData\\Local\\Programs\\Python\\Python312\\Lib\\site-packages\\selenium\\webdriver\\support\\wait.py\", line 89, in until\n    raise TimeoutException(message, screen, stacktrace)\n"}, "steps": [{"name": "Esperar la pantalla de carga hasta 100%", "status": "broken", "statusDetails": {"message": "selenium.common.exceptions.TimeoutException: Message: \nStacktrace:\nNoSuchElementError: An element could not be located on the page using the given search parameters.\n    at AndroidUiautomator2Driver.findElOrEls (C:\\Users\\kaled\\.appium\\node_modules\\appium-uiautomator2-driver\\node_modules\\appium-android-driver\\lib\\commands\\find.ts:86:11)\n    at processTicksAndRejections (node:internal/process/task_queues:95:5)\n    at AndroidUiautomator2Driver.findElOrElsWithProcessing (C:\\Users\\kaled\\AppData\\Roaming\\npm\\node_modules\\appium\\node_modules\\@appium\\base-driver\\lib\\basedriver\\commands\\find.ts:60:12)\n    at AndroidUiautomator2Driver.findElement (C:\\Users\\kaled\\AppData\\Roaming\\npm\\node_modules\\appium\\node_modules\\@appium\\base-driver\\lib\\basedriver\\commands\\find.ts:75:12)\n", "trace": "  File \"C:\\Users\\kaled\\OneDrive\\Escritorio\\documentos  ppp\\appium_proyect\\test\\test_flows.py\", line 10, in completar_flows\n    WebDriverWait(driver, 30).until(\n  File \"C:\\Users\\kaled\\AppData\\Local\\Programs\\Python\\Python312\\Lib\\site-packages\\selenium\\webdriver\\support\\wait.py\", line 89, in until\n    raise TimeoutException(message, screen, stacktrace)\n"}, "start": 1747067585880, "stop": 1747067623749}], "start": 1747067585880, "stop": 1747067623749}], "start": 1747067565019, "stop": 1747067624328, "uuid": "ff20bf19-71a0-4236-b9f5-455fdc2050de", "historyId": "59e2206ccf7889959f9c5dd12b04c9c2", "testCaseId": "59e2206ccf7889959f9c5dd12b04c9c2", "fullName": "pruebas.test_login_apertura.TestInicioSesion#test_login_completo_y_seleccion", "labels": [{"name": "epic", "value": "Inicio de app y navegación"}, {"name": "parentSuite", "value": "pruebas"}, {"name": "suite", "value": "test_login_apertura"}, {"name": "subSuite", "value": "TestInicioSesion"}, {"name": "host", "value": "Piero"}, {"name": "thread", "value": "16496-MainThread"}, {"name": "framework", "value": "pytest"}, {"name": "language", "value": "cpython3"}, {"name": "package", "value": "pruebas.test_login_apertura"}]}