{"name": "Login completo con selección de local, caja y turno", "status": "broken", "statusDetails": {"message": "selenium.common.exceptions.TimeoutException: Message: \nStacktrace:\nNoSuchElementError: An element could not be located on the page using the given search parameters.\n    at AndroidUiautomator2Driver.findElOrEls (C:\\Users\\kaled\\.appium\\node_modules\\appium-uiautomator2-driver\\node_modules\\appium-android-driver\\lib\\commands\\find.ts:86:11)\n    at processTicksAndRejections (node:internal/process/task_queues:95:5)\n    at AndroidUiautomator2Driver.findElOrElsWithProcessing (C:\\Users\\kaled\\AppData\\Roaming\\npm\\node_modules\\appium\\node_modules\\@appium\\base-driver\\lib\\basedriver\\commands\\find.ts:60:12)\n    at AndroidUiautomator2Driver.findElement (C:\\Users\\kaled\\AppData\\Roaming\\npm\\node_modules\\appium\\node_modules\\@appium\\base-driver\\lib\\basedriver\\commands\\find.ts:75:12)", "trace": "self = <test_login_apertura.TestInicioSesion testMethod=test_login_completo_y_seleccion>\n\n    @allure.title(\"Login completo con selección de local, caja y turno\")\n    def test_login_completo_y_seleccion(self):\n        usuario = \"admin2@rest.pe\"\n        contrasena = \"123456\"\n    \n        with allure.step(\"Login\"):\n            login(self.driver, usuario, contrasena)\n    \n        with allure.step(\"Seleccionar local\"):\n            seleccionar_local(self.driver)\n    \n        with allure.step(\"Seleccionar Caja 03\"):\n            seleccionar_caja(self.driver)\n    \n        with allure.step(\"Seleccionar turno\"):\n            seleccionar_turno(self.driver)\n    \n        with allure.step(\"Presentar flujo de apertura de caja\"):\n            completar_flows(self.driver)\n    \n        # Esperar 5 segundos para asegurar que la animación se complete\n        time.sleep(2)  # Puedes cambiar esto por un WebDriverWait si prefieres más control\n    \n    \n          # venta  simple rápida:\n        #with allure.step(\"Ejecutar flujo de caja rápida\"):\n        #     flujo_caja_rapida(self.driver)\n    \n        #venta rápida con busqueda y modificadores\n     #   with allure.step(\"venta rápida con busqueda y modificadores\"):\n    #      venta_rapida_busqueda(self.driver)\n    \n           #venta  simple por  salón:\n       # with allure.step(\"Ejecutar flujo de venta por salon\"):\n       #      venta_por_salon(self.driver)\n    \n    \n    \n    \n    \n    \n    \n    \n       # with allure.step(\"Ejecutar flujo de caja rápida\"):\n       #     flujo_venta_rapida_con_modificadores(self.driver)\n    \n        #with allure.step(\"Ejecutar flujo de caja rápida con  cantidades\"):\n         #    flujo_venta_rapida_con_cantidades(self.driver)\n    \n       # with allure.step(\"Ejecutar flujo de caja rápida favoritos\"):\n        #     flujo_venta_rapida_desde_favoritos(self.driver)\n    \n      #  with allure.step(\"Ejecutar flujo de venta por salon\"):\n      #       venta_por_salon(self.driver)\n    \n        with allure.step(\"ejecutar  cliente en venta por salon\"):\n>           venta_por_salon_con_cliente(self.driver)\n\npruebas\\test_login_apertura.py:86: \n_ _ _ _ _ _ _ _ _ _ _ _ _ _ _ _ _ _ _ _ _ _ _ _ _ _ _ _ _ _ _ _ _ _ _ _ _ _ _ _ _ _ _ _ _ _ _ _ _ _ _ _ _ _ _ _ _ _ _ _ _ _ _ _ _ _ _ _ _ _ _ _ _ _ _ _ _ _ _ _ _ _ _ \ntest\\flujo_venta_salon_con_cliente.py:65: in venta_por_salon_con_cliente\n    campo_busqueda = WebDriverWait(driver, 10).until(\n_ _ _ _ _ _ _ _ _ _ _ _ _ _ _ _ _ _ _ _ _ _ _ _ _ _ _ _ _ _ _ _ _ _ _ _ _ _ _ _ _ _ _ _ _ _ _ _ _ _ _ _ _ _ _ _ _ _ _ _ _ _ _ _ _ _ _ _ _ _ _ _ _ _ _ _ _ _ _ _ _ _ _ \n\nself = <selenium.webdriver.support.wait.WebDriverWait (session=\"42f92fd4-575c-4c3a-aacd-0201b683069b\")>\nmethod = <function presence_of_element_located.<locals>._predicate at 0x0000028E3EB8C180>, message = ''\n\n    def until(self, method, message=''):\n        \"\"\"Calls the method provided with the driver as an argument until the \\\n        return value does not evaluate to ``False``.\n    \n        :param method: callable(WebDriver)\n        :param message: optional message for :exc:`TimeoutException`\n        :returns: the result of the last call to `method`\n        :raises: :exc:`selenium.common.exceptions.TimeoutException` if timeout occurs\n        \"\"\"\n        screen = None\n        stacktrace = None\n    \n        end_time = time.time() + self._timeout\n        while True:\n            try:\n                value = method(self._driver)\n                if value:\n                    return value\n            except InvalidSelectorException as e:\n                raise e\n            except self._ignored_exceptions as exc:\n                screen = getattr(exc, 'screen', None)\n                stacktrace = getattr(exc, 'stacktrace', None)\n            time.sleep(self._poll)\n            if time.time() > end_time:\n                break\n>       raise TimeoutException(message, screen, stacktrace)\nE       selenium.common.exceptions.TimeoutException: Message: \nE       Stacktrace:\nE       NoSuchElementError: An element could not be located on the page using the given search parameters.\nE           at AndroidUiautomator2Driver.findElOrEls (C:\\Users\\kaled\\.appium\\node_modules\\appium-uiautomator2-driver\\node_modules\\appium-android-driver\\lib\\commands\\find.ts:86:11)\nE           at processTicksAndRejections (node:internal/process/task_queues:95:5)\nE           at AndroidUiautomator2Driver.findElOrElsWithProcessing (C:\\Users\\kaled\\AppData\\Roaming\\npm\\node_modules\\appium\\node_modules\\@appium\\base-driver\\lib\\basedriver\\commands\\find.ts:60:12)\nE           at AndroidUiautomator2Driver.findElement (C:\\Users\\kaled\\AppData\\Roaming\\npm\\node_modules\\appium\\node_modules\\@appium\\base-driver\\lib\\basedriver\\commands\\find.ts:75:12)\n\n..\\..\\..\\..\\AppData\\Local\\Programs\\Python\\Python312\\Lib\\site-packages\\selenium\\webdriver\\support\\wait.py:89: TimeoutException"}, "steps": [{"name": "Login", "status": "passed", "start": 1747063909389, "stop": 1747063914610}, {"name": "Seleccionar local", "status": "passed", "start": 1747063914610, "stop": 1747063916476}, {"name": "Seleccionar Caja 03", "status": "passed", "attachments": [{"name": "Caja 03 Seleccionada", "source": "c77d3799-9b4e-4f0e-a1fd-c15c2dcf7256-attachment.png", "type": "image/png"}], "start": 1747063916476, "stop": 1747063919010}, {"name": "Seleccionar turno", "status": "passed", "start": 1747063919010, "stop": 1747063919871}, {"name": "Presentar flujo de apertura de caja", "status": "passed", "steps": [{"name": "Esperar la pantalla de carga hasta 100%", "status": "passed", "attachments": [{"name": "Pantalla de Carga", "source": "8486e525-3c3c-4cb5-b96e-5613d22cde93-attachment.txt", "type": "text/plain"}], "start": 1747063919879, "stop": 1747063930849}, {"name": "Aperturar caja en cero si está disponible", "status": "passed", "attachments": [{"name": "Ingreso PIN", "source": "2d4d13b7-8708-44f1-8217-2b80518a9bb2-attachment.txt", "type": "text/plain"}, {"name": "Confirmación final", "source": "550244ab-7bf7-4dee-9359-16cad23fab3e-attachment.txt", "type": "text/plain"}], "start": 1747063930849, "stop": 1747063947699}], "attachments": [{"name": "Caja Aperturada", "source": "1644a503-5d1c-4a71-9741-2a9d30bd2bc0-attachment.png", "type": "image/png"}], "start": 1747063919879, "stop": 1747063948250}, {"name": "ejecutar  cliente en venta por salon", "status": "broken", "statusDetails": {"message": "selenium.common.exceptions.TimeoutException: Message: \nStacktrace:\nNoSuchElementError: An element could not be located on the page using the given search parameters.\n    at AndroidUiautomator2Driver.findElOrEls (C:\\Users\\kaled\\.appium\\node_modules\\appium-uiautomator2-driver\\node_modules\\appium-android-driver\\lib\\commands\\find.ts:86:11)\n    at processTicksAndRejections (node:internal/process/task_queues:95:5)\n    at AndroidUiautomator2Driver.findElOrElsWithProcessing (C:\\Users\\kaled\\AppData\\Roaming\\npm\\node_modules\\appium\\node_modules\\@appium\\base-driver\\lib\\basedriver\\commands\\find.ts:60:12)\n    at AndroidUiautomator2Driver.findElement (C:\\Users\\kaled\\AppData\\Roaming\\npm\\node_modules\\appium\\node_modules\\@appium\\base-driver\\lib\\basedriver\\commands\\find.ts:75:12)\n", "trace": "  File \"C:\\Users\\kaled\\OneDrive\\Escritorio\\documentos  ppp\\appium_proyect\\pruebas\\test_login_apertura.py\", line 86, in test_login_completo_y_seleccion\n    venta_por_salon_con_cliente(self.driver)\n  File \"C:\\Users\\kaled\\OneDrive\\Escritorio\\documentos  ppp\\appium_proyect\\test\\flujo_venta_salon_con_cliente.py\", line 65, in venta_por_salon_con_cliente\n    campo_busqueda = WebDriverWait(driver, 10).until(\n                     ^^^^^^^^^^^^^^^^^^^^^^^^^^^^^^^^\n  File \"C:\\Users\\kaled\\AppData\\Local\\Programs\\Python\\Python312\\Lib\\site-packages\\selenium\\webdriver\\support\\wait.py\", line 89, in until\n    raise TimeoutException(message, screen, stacktrace)\n"}, "steps": [{"name": "Clic en 'Vender'", "status": "passed", "start": 1747063950259, "stop": 1747063950909}, {"name": "Clic en 'Ver salones'", "status": "passed", "start": 1747063950909, "stop": 1747063952603}, {"name": "Seleccionar salón 'Diego'", "status": "passed", "start": 1747063952603, "stop": 1747063952792}, {"name": "Seleccionar la primera mesa disponible", "status": "passed", "start": 1747063952792, "stop": 1747063953729}, {"name": "Ingresar PIN 4321", "status": "passed", "attachments": [{"name": "Ingreso PIN", "source": "fde20d79-51bd-4dc1-9689-9821fda1fd42-attachment.txt", "type": "text/plain"}], "start": 1747063953729, "stop": 1747063961091}, {"name": "Seleccionar 3 personas", "status": "broken", "statusDetails": {"message": "selenium.common.exceptions.TimeoutException: Message: \nStacktrace:\nNoSuchElementError: An element could not be located on the page using the given search parameters.\n    at AndroidUiautomator2Driver.findElOrEls (C:\\Users\\kaled\\.appium\\node_modules\\appium-uiautomator2-driver\\node_modules\\appium-android-driver\\lib\\commands\\find.ts:86:11)\n    at processTicksAndRejections (node:internal/process/task_queues:95:5)\n    at AndroidUiautomator2Driver.findElOrElsWithProcessing (C:\\Users\\kaled\\AppData\\Roaming\\npm\\node_modules\\appium\\node_modules\\@appium\\base-driver\\lib\\basedriver\\commands\\find.ts:60:12)\n    at AndroidUiautomator2Driver.findElement (C:\\Users\\kaled\\AppData\\Roaming\\npm\\node_modules\\appium\\node_modules\\@appium\\base-driver\\lib\\basedriver\\commands\\find.ts:75:12)\n", "trace": "  File \"C:\\Users\\kaled\\OneDrive\\Escritorio\\documentos  ppp\\appium_proyect\\test\\flujo_venta_salon_con_cliente.py\", line 65, in venta_por_salon_con_cliente\n    campo_busqueda = WebDriverWait(driver, 10).until(\n                     ^^^^^^^^^^^^^^^^^^^^^^^^^^^^^^^^\n  File \"C:\\Users\\kaled\\AppData\\Local\\Programs\\Python\\Python312\\Lib\\site-packages\\selenium\\webdriver\\support\\wait.py\", line 89, in until\n    raise TimeoutException(message, screen, stacktrace)\n"}, "start": 1747063961091, "stop": 1747064012605}], "start": 1747063950259, "stop": 1747064012605}], "start": 1747063903119, "stop": 1747064013192, "uuid": "47945b5f-4c7d-4602-a0bb-8d1a45e37cb4", "historyId": "59e2206ccf7889959f9c5dd12b04c9c2", "testCaseId": "59e2206ccf7889959f9c5dd12b04c9c2", "fullName": "pruebas.test_login_apertura.TestInicioSesion#test_login_completo_y_seleccion", "labels": [{"name": "epic", "value": "Inicio de app y navegación"}, {"name": "parentSuite", "value": "pruebas"}, {"name": "suite", "value": "test_login_apertura"}, {"name": "subSuite", "value": "TestInicioSesion"}, {"name": "host", "value": "Piero"}, {"name": "thread", "value": "3276-MainThread"}, {"name": "framework", "value": "pytest"}, {"name": "language", "value": "cpython3"}, {"name": "package", "value": "pruebas.test_login_apertura"}]}